2024-12-15 16:02:51.773 [main] INFO  org.example.ScenarioManager - User chose option: 1
2024-12-15 16:02:54.792 [main] INFO  org.example.ScenarioManager - User chose option: 1
2024-12-15 16:03:05.902 [main] INFO  org.example.ScenarioManager - User chose option: 1
2024-12-15 16:03:05.903 [main] ERROR org.example.ScenarioManager - Error reading scenario file: C:\Users\Михаил\IdeaProjects\grcur\src\scenarios\null (Не удается найти указанный файл)
java.io.FileNotFoundException: C:\Users\Михаил\IdeaProjects\grcur\src\scenarios\null (Не удается найти указанный файл)
	at java.io.FileInputStream.open0(Native Method) ~[?:?]
	at java.io.FileInputStream.open(FileInputStream.java:211) ~[?:?]
	at java.io.FileInputStream.<init>(FileInputStream.java:153) ~[?:?]
	at java.io.FileInputStream.<init>(FileInputStream.java:108) ~[?:?]
	at java.io.FileReader.<init>(FileReader.java:60) ~[?:?]
	at org.example.ScenarioManager.playScenario(ScenarioManager.java:18) [main/:?]
	at org.example.TextQuest.main(TextQuest.java:19) [main/:?]
2024-12-15 16:04:56.002 [main] INFO  org.example.ScenarioManager - User chose option: 2
2024-12-15 16:04:58.022 [main] INFO  org.example.ScenarioManager - User chose option: 1
2024-12-15 16:05:00.043 [main] INFO  org.example.ScenarioManager - User chose option: 1
2024-12-15 16:05:00.044 [main] ERROR org.example.ScenarioManager - Error reading scenario file: C:\Users\Михаил\IdeaProjects\grcur\src\scenarios\null (Не удается найти указанный файл)
java.io.FileNotFoundException: C:\Users\Михаил\IdeaProjects\grcur\src\scenarios\null (Не удается найти указанный файл)
	at java.io.FileInputStream.open0(Native Method) ~[?:?]
	at java.io.FileInputStream.open(FileInputStream.java:211) ~[?:?]
	at java.io.FileInputStream.<init>(FileInputStream.java:153) ~[?:?]
	at java.io.FileInputStream.<init>(FileInputStream.java:108) ~[?:?]
	at java.io.FileReader.<init>(FileReader.java:60) ~[?:?]
	at org.example.ScenarioManager.playScenario(ScenarioManager.java:18) [main/:?]
	at org.example.TextQuest.main(TextQuest.java:19) [main/:?]
2024-12-15 16:10:57.885 [main] INFO  org.example.ScenarioManager - User chose option: 1
2024-12-15 16:11:01.932 [main] INFO  org.example.ScenarioManager - User chose option: 1
2024-12-15 16:11:46.348 [main] INFO  org.example.ScenarioManager - User chose option: 1
2024-12-15 16:11:46.350 [main] ERROR org.example.ScenarioManager - Error reading scenario file: C:\Users\Михаил\IdeaProjects\grcur\src\scenarios\null (Не удается найти указанный файл)
java.io.FileNotFoundException: C:\Users\Михаил\IdeaProjects\grcur\src\scenarios\null (Не удается найти указанный файл)
	at java.io.FileInputStream.open0(Native Method) ~[?:?]
	at java.io.FileInputStream.open(FileInputStream.java:211) ~[?:?]
	at java.io.FileInputStream.<init>(FileInputStream.java:153) ~[?:?]
	at java.io.FileInputStream.<init>(FileInputStream.java:108) ~[?:?]
	at java.io.FileReader.<init>(FileReader.java:60) ~[?:?]
	at org.example.ScenarioManager.playScenario(ScenarioManager.java:18) [main/:?]
	at org.example.TextQuest.main(TextQuest.java:19) [main/:?]
2024-12-15 16:20:16.009 [main] INFO  org.example.TextQuest - Starting the TextQuest game.
2024-12-15 16:20:37.748 [main] INFO  org.example.TextQuest - Starting the TextQuest game.
2024-12-15 16:20:45.505 [main] INFO  org.example.ScenarioManager - User chose option: 1
2024-12-15 16:20:48.540 [main] INFO  org.example.ScenarioManager - User chose option: 1
2024-12-15 16:20:53.607 [main] INFO  org.example.ScenarioManager - User chose option: 1
2024-12-15 16:20:53.608 [main] ERROR org.example.ScenarioManager - Error reading scenario file: C:\Users\Михаил\IdeaProjects\grcur\src\scenarios\null (Не удается найти указанный файл)
java.io.FileNotFoundException: C:\Users\Михаил\IdeaProjects\grcur\src\scenarios\null (Не удается найти указанный файл)
	at java.io.FileInputStream.open0(Native Method) ~[?:?]
	at java.io.FileInputStream.open(FileInputStream.java:211) ~[?:?]
	at java.io.FileInputStream.<init>(FileInputStream.java:153) ~[?:?]
	at java.io.FileInputStream.<init>(FileInputStream.java:108) ~[?:?]
	at java.io.FileReader.<init>(FileReader.java:60) ~[?:?]
	at org.example.ScenarioManager.playScenario(ScenarioManager.java:18) [main/:?]
	at org.example.TextQuest.main(TextQuest.java:22) [main/:?]
2024-12-15 16:20:53.618 [main] INFO  org.example.TextQuest - TextQuest game ended.
2024-12-15 16:26:37.043 [main] INFO  org.example.TextQuest - Starting the TextQuest game.
2024-12-15 16:26:42.756 [main] INFO  org.example.ScenarioManager - User chose option: 2
2024-12-15 16:26:44.761 [main] INFO  org.example.ScenarioManager - User chose option: 1
2024-12-15 16:26:47.787 [main] INFO  org.example.ScenarioManager - User chose option: 1
2024-12-15 16:26:47.788 [main] ERROR org.example.ScenarioManager - Error reading scenario file: C:\Users\Михаил\IdeaProjects\grcur\src\scenarios\null (Не удается найти указанный файл)
java.io.FileNotFoundException: C:\Users\Михаил\IdeaProjects\grcur\src\scenarios\null (Не удается найти указанный файл)
	at java.base/java.io.FileInputStream.open0(Native Method) ~[?:?]
	at java.base/java.io.FileInputStream.open(FileInputStream.java:211) ~[?:?]
	at java.base/java.io.FileInputStream.<init>(FileInputStream.java:153) ~[?:?]
	at java.base/java.io.FileInputStream.<init>(FileInputStream.java:108) ~[?:?]
	at java.base/java.io.FileReader.<init>(FileReader.java:60) ~[?:?]
	at org.example.ScenarioManager.playScenario(ScenarioManager.java:18) [main/:?]
	at org.example.TextQuest.main(TextQuest.java:22) [main/:?]
2024-12-15 16:26:47.805 [main] INFO  org.example.TextQuest - TextQuest game ended.
2024-12-15 16:34:54.604 [main] INFO  org.example.TextQuest - Starting the TextQuest game.
2024-12-15 16:38:44.816 [main] INFO  org.example.TextQuest - Starting the TextQuest game.
2024-12-15 16:38:51.438 [main] INFO  org.example.ScenarioManager - User chose option: 2
2024-12-15 16:38:53.447 [main] INFO  org.example.ScenarioManager - User chose option: 1
2024-12-15 16:38:55.458 [main] INFO  org.example.ScenarioManager - User chose option: 1
2024-12-15 16:38:55.459 [main] ERROR org.example.ScenarioManager - Error reading scenario file: C:\Users\Михаил\IdeaProjects\grcur\src\scenarios\null (Не удается найти указанный файл)
java.io.FileNotFoundException: C:\Users\Михаил\IdeaProjects\grcur\src\scenarios\null (Не удается найти указанный файл)
	at java.base/java.io.FileInputStream.open0(Native Method) ~[?:?]
	at java.base/java.io.FileInputStream.open(FileInputStream.java:213) ~[?:?]
	at java.base/java.io.FileInputStream.<init>(FileInputStream.java:152) ~[?:?]
	at java.base/java.io.FileInputStream.<init>(FileInputStream.java:106) ~[?:?]
	at java.base/java.io.FileReader.<init>(FileReader.java:60) ~[?:?]
	at org.example.ScenarioManager.playScenario(ScenarioManager.java:18) [main/:?]
	at org.example.TextQuest.main(TextQuest.java:22) [main/:?]
2024-12-15 16:38:55.467 [main] INFO  org.example.TextQuest - TextQuest game ended.
2024-12-15 16:43:03.908 [main] INFO  org.example.TextQuest - Starting the TextQuest game.
2024-12-15 16:43:08.560 [main] INFO  org.example.ScenarioManager - User chose option: 2
2024-12-15 16:43:10.569 [main] INFO  org.example.ScenarioManager - User chose option: 1
2024-12-15 16:43:12.590 [main] INFO  org.example.ScenarioManager - User chose option: 1
2024-12-15 16:43:12.590 [main] ERROR org.example.ScenarioManager - Error reading scenario file: C:\Users\Михаил\IdeaProjects\grcur\src\scenarios\null (Не удается найти указанный файл)
2024-12-15 16:43:12.590 [main] INFO  org.example.TextQuest - TextQuest game ended.
2024-12-15 16:43:22.821 [main] INFO  org.example.TextQuest - Starting the TextQuest game.
2024-12-15 16:43:32.539 [main] INFO  org.example.ScenarioManager - User chose option: 1
2024-12-15 16:43:36.565 [main] INFO  org.example.ScenarioManager - User chose option: 3
2024-12-15 16:43:39.595 [main] INFO  org.example.ScenarioManager - User chose option: 1
2024-12-15 16:43:41.616 [main] INFO  org.example.ScenarioManager - User chose option: 2
2024-12-15 16:43:45.659 [main] INFO  org.example.ScenarioManager - User chose option: 1
2024-12-15 16:43:45.660 [main] ERROR org.example.ScenarioManager - Error reading scenario file: C:\Users\Михаил\IdeaProjects\grcur\src\scenarios\null (Не удается найти указанный файл)
java.io.FileNotFoundException: C:\Users\Михаил\IdeaProjects\grcur\src\scenarios\null (Не удается найти указанный файл)
	at java.base/java.io.FileInputStream.open0(Native Method) ~[?:?]
	at java.base/java.io.FileInputStream.open(FileInputStream.java:213) ~[?:?]
	at java.base/java.io.FileInputStream.<init>(FileInputStream.java:152) ~[?:?]
	at java.base/java.io.FileInputStream.<init>(FileInputStream.java:106) ~[?:?]
	at java.base/java.io.FileReader.<init>(FileReader.java:60) ~[?:?]
	at org.example.ScenarioManager.playScenario(ScenarioManager.java:18) [main/:?]
	at org.example.TextQuest.main(TextQuest.java:22) [main/:?]
2024-12-15 16:43:45.674 [main] INFO  org.example.TextQuest - TextQuest game ended.
2024-12-15 16:43:58.913 [main] INFO  org.example.TextQuest - Starting the TextQuest game.
2024-12-15 16:44:02.588 [main] INFO  org.example.ScenarioManager - User chose option: 1
2024-12-15 16:44:04.604 [main] INFO  org.example.ScenarioManager - User chose option: 3
2024-12-15 16:44:06.628 [main] INFO  org.example.ScenarioManager - User chose option: 2
2024-12-15 16:44:08.655 [main] INFO  org.example.ScenarioManager - User chose option: 2
2024-12-15 16:44:13.704 [main] INFO  org.example.ScenarioManager - User chose option: 2
2024-12-15 16:44:17.740 [main] INFO  org.example.ScenarioManager - User chose option: 1
2024-12-15 16:44:20.772 [main] INFO  org.example.ScenarioManager - User chose option: 1
2024-12-15 16:44:23.792 [main] INFO  org.example.ScenarioManager - User chose option: 2
2024-12-15 16:44:27.823 [main] INFO  org.example.ScenarioManager - User chose option: 1
2024-12-15 16:44:27.825 [main] ERROR org.example.ScenarioManager - Error reading scenario file: C:\Users\Михаил\IdeaProjects\grcur\src\scenarios\null (Не удается найти указанный файл)
java.io.FileNotFoundException: C:\Users\Михаил\IdeaProjects\grcur\src\scenarios\null (Не удается найти указанный файл)
	at java.base/java.io.FileInputStream.open0(Native Method) ~[?:?]
	at java.base/java.io.FileInputStream.open(FileInputStream.java:213) ~[?:?]
	at java.base/java.io.FileInputStream.<init>(FileInputStream.java:152) ~[?:?]
	at java.base/java.io.FileInputStream.<init>(FileInputStream.java:106) ~[?:?]
	at java.base/java.io.FileReader.<init>(FileReader.java:60) ~[?:?]
	at org.example.ScenarioManager.playScenario(ScenarioManager.java:18) [main/:?]
	at org.example.TextQuest.main(TextQuest.java:22) [main/:?]
2024-12-15 16:44:27.836 [main] INFO  org.example.TextQuest - TextQuest game ended.
2024-12-15 16:44:39.397 [main] INFO  org.example.TextQuest - Starting the TextQuest game.
2024-12-15 16:44:47.092 [main] INFO  org.example.ScenarioManager - User chose option: 1
2024-12-15 16:44:48.093 [main] INFO  org.example.ScenarioManager - User chose option: 3
2024-12-15 16:44:50.112 [main] INFO  org.example.ScenarioManager - User chose option: 1
2024-12-15 16:44:54.145 [main] INFO  org.example.ScenarioManager - User chose option: 2
2024-12-15 16:44:58.172 [main] INFO  org.example.ScenarioManager - User chose option: 1
2024-12-15 16:44:58.174 [main] ERROR org.example.ScenarioManager - Error reading scenario file: C:\Users\Михаил\IdeaProjects\grcur\src\scenarios\null (Не удается найти указанный файл)
java.io.FileNotFoundException: C:\Users\Михаил\IdeaProjects\grcur\src\scenarios\null (Не удается найти указанный файл)
	at java.base/java.io.FileInputStream.open0(Native Method) ~[?:?]
	at java.base/java.io.FileInputStream.open(FileInputStream.java:213) ~[?:?]
	at java.base/java.io.FileInputStream.<init>(FileInputStream.java:152) ~[?:?]
	at java.base/java.io.FileInputStream.<init>(FileInputStream.java:106) ~[?:?]
	at java.base/java.io.FileReader.<init>(FileReader.java:60) ~[?:?]
	at org.example.ScenarioManager.playScenario(ScenarioManager.java:18) [main/:?]
	at org.example.TextQuest.main(TextQuest.java:22) [main/:?]
2024-12-15 16:44:58.185 [main] INFO  org.example.TextQuest - TextQuest game ended.
2024-12-15 16:51:41.289 [main] INFO  org.example.TextQuest - Starting the TextQuest game.
2024-12-15 16:51:45.955 [main] INFO  org.example.ScenarioManager - User chose option: 1
2024-12-15 16:51:47.954 [main] INFO  org.example.ScenarioManager - User chose option: 3
2024-12-15 16:51:49.976 [main] INFO  org.example.ScenarioManager - User chose option: 1
2024-12-15 16:51:51.996 [main] INFO  org.example.ScenarioManager - User chose option: 1
2024-12-15 16:51:55.018 [main] INFO  org.example.ScenarioManager - User chose option: 1
2024-12-15 16:52:01.062 [main] INFO  org.example.ScenarioManager - User chose option: 1
2024-12-15 16:52:06.104 [main] INFO  org.example.ScenarioManager - User chose option: 1
2024-12-15 16:52:18.191 [main] INFO  org.example.ScenarioManager - User chose option: 1
2024-12-15 16:52:18.191 [main] ERROR org.example.ScenarioManager - Error reading scenario file: C:\Users\Михаил\IdeaProjects\grcur\src\scenarios\null (Не удается найти указанный файл)
java.io.FileNotFoundException: C:\Users\Михаил\IdeaProjects\grcur\src\scenarios\null (Не удается найти указанный файл)
	at java.base/java.io.FileInputStream.open0(Native Method) ~[?:?]
	at java.base/java.io.FileInputStream.open(FileInputStream.java:213) ~[?:?]
	at java.base/java.io.FileInputStream.<init>(FileInputStream.java:152) ~[?:?]
	at java.base/java.io.FileInputStream.<init>(FileInputStream.java:106) ~[?:?]
	at java.base/java.io.FileReader.<init>(FileReader.java:60) ~[?:?]
	at org.example.ScenarioManager.playScenario(ScenarioManager.java:18) [main/:?]
	at org.example.TextQuest.main(TextQuest.java:22) [main/:?]
2024-12-15 16:52:18.198 [main] INFO  org.example.TextQuest - TextQuest game ended.
2024-12-15 17:20:31.446 [main] INFO  org.example.TextQuest - Starting the TextQuest game.
2024-12-15 17:28:47.195 [main] INFO  org.example.TextQuest - Starting the TextQuest game.
2024-12-15 17:29:04.014 [main] INFO  org.example.ScenarioManager - User chose option: 1
2024-12-15 17:29:08.055 [main] INFO  org.example.ScenarioManager - User chose option: 1
2024-12-15 17:29:13.097 [main] INFO  org.example.ScenarioManager - User chose option: 1
2024-12-15 17:29:13.099 [main] ERROR org.example.ScenarioManager - Error reading scenario file: C:\Users\Михаил\IdeaProjects\grcur\src\scenarios\null (Не удается найти указанный файл)
java.io.FileNotFoundException: C:\Users\Михаил\IdeaProjects\grcur\src\scenarios\null (Не удается найти указанный файл)
	at java.base/java.io.FileInputStream.open0(Native Method) ~[?:?]
	at java.base/java.io.FileInputStream.open(FileInputStream.java:213) ~[?:?]
	at java.base/java.io.FileInputStream.<init>(FileInputStream.java:152) ~[?:?]
	at java.base/java.io.FileInputStream.<init>(FileInputStream.java:106) ~[?:?]
	at java.base/java.io.FileReader.<init>(FileReader.java:60) ~[?:?]
	at org.example.ScenarioManager.playScenario(ScenarioManager.java:18) [main/:?]
	at org.example.TextQuest.main(TextQuest.java:22) [main/:?]
2024-12-15 17:29:13.113 [main] INFO  org.example.TextQuest - TextQuest game ended.
2024-12-15 17:29:38.412 [main] INFO  org.example.TextQuest - Starting the TextQuest game.
2024-12-15 17:30:38.723 [main] INFO  org.example.ScenarioManager - User chose option: 1
2024-12-15 17:30:44.790 [main] INFO  org.example.ScenarioManager - User chose option: 2
2024-12-15 17:30:48.831 [main] INFO  org.example.ScenarioManager - User chose option: 1
2024-12-15 17:30:50.858 [main] INFO  org.example.ScenarioManager - User chose option: 1
2024-12-15 17:30:53.898 [main] INFO  org.example.ScenarioManager - User chose option: 2
2024-12-15 17:30:55.900 [main] INFO  org.example.ScenarioManager - User chose option: 1
2024-12-15 17:30:57.923 [main] INFO  org.example.ScenarioManager - User chose option: 1
2024-12-15 17:31:16.127 [main] INFO  org.example.ScenarioManager - User chose option: 1
2024-12-15 17:31:16.128 [main] ERROR org.example.ScenarioManager - Error reading scenario file: C:\Users\Михаил\IdeaProjects\grcur\src\scenarios\null (Не удается найти указанный файл)
java.io.FileNotFoundException: C:\Users\Михаил\IdeaProjects\grcur\src\scenarios\null (Не удается найти указанный файл)
	at java.base/java.io.FileInputStream.open0(Native Method) ~[?:?]
	at java.base/java.io.FileInputStream.open(FileInputStream.java:213) ~[?:?]
	at java.base/java.io.FileInputStream.<init>(FileInputStream.java:152) ~[?:?]
	at java.base/java.io.FileInputStream.<init>(FileInputStream.java:106) ~[?:?]
	at java.base/java.io.FileReader.<init>(FileReader.java:60) ~[?:?]
	at org.example.ScenarioManager.playScenario(ScenarioManager.java:18) [main/:?]
	at org.example.TextQuest.main(TextQuest.java:22) [main/:?]
2024-12-15 17:31:16.141 [main] INFO  org.example.TextQuest - TextQuest game ended.
2024-12-15 17:31:20.943 [main] INFO  org.example.TextQuest - Starting the TextQuest game.
2024-12-15 17:31:25.643 [main] INFO  org.example.ScenarioManager - User chose option: 1
2024-12-15 17:31:27.660 [main] INFO  org.example.ScenarioManager - User chose option: 1
2024-12-15 17:31:29.677 [main] INFO  org.example.ScenarioManager - User chose option: 2
2024-12-15 17:31:32.690 [main] INFO  org.example.ScenarioManager - User chose option: 1
2024-12-15 17:31:34.711 [main] INFO  org.example.ScenarioManager - User chose option: 1
2024-12-15 17:31:36.733 [main] INFO  org.example.ScenarioManager - User chose option: 2
2024-12-15 17:31:38.759 [main] INFO  org.example.ScenarioManager - User chose option: 1
2024-12-15 17:31:40.776 [main] INFO  org.example.ScenarioManager - User chose option: 1
2024-12-15 17:31:42.804 [main] INFO  org.example.ScenarioManager - User chose option: 1
2024-12-15 17:31:42.805 [main] ERROR org.example.ScenarioManager - Error reading scenario file: C:\Users\Михаил\IdeaProjects\grcur\src\scenarios\null (Не удается найти указанный файл)
java.io.FileNotFoundException: C:\Users\Михаил\IdeaProjects\grcur\src\scenarios\null (Не удается найти указанный файл)
	at java.base/java.io.FileInputStream.open0(Native Method) ~[?:?]
	at java.base/java.io.FileInputStream.open(FileInputStream.java:213) ~[?:?]
	at java.base/java.io.FileInputStream.<init>(FileInputStream.java:152) ~[?:?]
	at java.base/java.io.FileInputStream.<init>(FileInputStream.java:106) ~[?:?]
	at java.base/java.io.FileReader.<init>(FileReader.java:60) ~[?:?]
	at org.example.ScenarioManager.playScenario(ScenarioManager.java:18) [main/:?]
	at org.example.TextQuest.main(TextQuest.java:22) [main/:?]
2024-12-15 17:31:42.816 [main] INFO  org.example.TextQuest - TextQuest game ended.
2024-12-15 17:35:52.612 [main] INFO  org.example.TextQuest - Starting the TextQuest game.
2024-12-15 17:35:57.294 [main] INFO  org.example.ScenarioManager - User chose option: 2
2024-12-15 17:35:59.313 [main] INFO  org.example.ScenarioManager - User chose option: 1
2024-12-15 17:36:02.346 [main] INFO  org.example.ScenarioManager - User chose option: 2
2024-12-15 17:36:06.377 [main] INFO  org.example.ScenarioManager - User chose option: 2
2024-12-15 17:36:08.394 [main] INFO  org.example.ScenarioManager - User chose option: 1
2024-12-15 17:36:10.412 [main] INFO  org.example.ScenarioManager - User chose option: 1
2024-12-15 17:36:10.412 [main] ERROR org.example.ScenarioManager - Error reading scenario file: C:\Users\Михаил\IdeaProjects\grcur\src\scenarios\null (Не удается найти указанный файл)
java.io.FileNotFoundException: C:\Users\Михаил\IdeaProjects\grcur\src\scenarios\null (Не удается найти указанный файл)
	at java.base/java.io.FileInputStream.open0(Native Method) ~[?:?]
	at java.base/java.io.FileInputStream.open(FileInputStream.java:213) ~[?:?]
	at java.base/java.io.FileInputStream.<init>(FileInputStream.java:152) ~[?:?]
	at java.base/java.io.FileInputStream.<init>(FileInputStream.java:106) ~[?:?]
	at java.base/java.io.FileReader.<init>(FileReader.java:60) ~[?:?]
	at org.example.ScenarioManager.playScenario(ScenarioManager.java:18) [main/:?]
	at org.example.TextQuest.main(TextQuest.java:22) [main/:?]
2024-12-15 17:36:10.428 [main] INFO  org.example.TextQuest - TextQuest game ended.
2024-12-15 18:00:45.657 [main] INFO  org.example.TextQuest - Starting the TextQuest game.
2024-12-15 18:01:36.830 [main] INFO  org.example.ScenarioManager - User chose option: 1
2024-12-15 18:01:38.850 [main] INFO  org.example.ScenarioManager - User chose option: 1
2024-12-15 18:01:39.861 [main] INFO  org.example.ScenarioManager - User chose option: 1
2024-12-15 18:01:39.862 [main] ERROR org.example.ScenarioManager - Error reading scenario file: C:\Users\Михаил\IdeaProjects\grcur\src\scenarios\null (Не удается найти указанный файл)
java.io.FileNotFoundException: C:\Users\Михаил\IdeaProjects\grcur\src\scenarios\null (Не удается найти указанный файл)
	at java.base/java.io.FileInputStream.open0(Native Method) ~[?:?]
	at java.base/java.io.FileInputStream.open(FileInputStream.java:213) ~[?:?]
	at java.base/java.io.FileInputStream.<init>(FileInputStream.java:152) ~[?:?]
	at java.base/java.io.FileInputStream.<init>(FileInputStream.java:106) ~[?:?]
	at java.base/java.io.FileReader.<init>(FileReader.java:60) ~[?:?]
	at org.example.ScenarioManager.playScenario(ScenarioManager.java:18) [main/:?]
	at org.example.TextQuest.main(TextQuest.java:23) [main/:?]
2024-12-15 18:01:39.877 [main] INFO  org.example.TextQuest - TextQuest game ended.
2024-12-15 18:02:12.883 [main] INFO  org.example.TextQuest - Starting the TextQuest game.
2024-12-15 18:02:17.562 [main] INFO  org.example.ScenarioManager - User chose option: 2
2024-12-15 18:02:19.560 [main] INFO  org.example.ScenarioManager - User chose option: 1
2024-12-15 18:02:21.571 [main] INFO  org.example.ScenarioManager - User chose option: 1
2024-12-15 18:02:21.573 [main] ERROR org.example.ScenarioManager - Error reading scenario file: C:\Users\Михаил\IdeaProjects\grcur\src\scenarios\null (Не удается найти указанный файл)
2024-12-15 18:02:21.573 [main] INFO  org.example.TextQuest - TextQuest game ended.
2024-12-15 18:04:45.830 [main] INFO  org.example.TextQuest - Starting the TextQuest game.
2024-12-15 18:04:51.527 [main] INFO  org.example.ScenarioManager - User chose option: 2
2024-12-15 18:04:52.530 [main] INFO  org.example.ScenarioManager - User chose option: 1
2024-12-15 18:04:54.542 [main] INFO  org.example.ScenarioManager - User chose option: 1
2024-12-15 18:04:54.543 [main] ERROR org.example.ScenarioManager - Error reading scenario file: C:\Users\Михаил\IdeaProjects\grcur\src\scenarios\null (Не удается найти указанный файл)
java.io.FileNotFoundException: C:\Users\Михаил\IdeaProjects\grcur\src\scenarios\null (Не удается найти указанный файл)
	at java.base/java.io.FileInputStream.open0(Native Method) ~[?:?]
	at java.base/java.io.FileInputStream.open(FileInputStream.java:213) ~[?:?]
	at java.base/java.io.FileInputStream.<init>(FileInputStream.java:152) ~[?:?]
	at java.base/java.io.FileInputStream.<init>(FileInputStream.java:106) ~[?:?]
	at java.base/java.io.FileReader.<init>(FileReader.java:60) ~[?:?]
	at org.example.ScenarioManager.playScenario(ScenarioManager.java:18) [main/:?]
	at org.example.TextQuest.main(TextQuest.java:23) [main/:?]
2024-12-15 18:04:54.555 [main] INFO  org.example.TextQuest - TextQuest game ended.
2024-12-15 18:47:48.872 [main] INFO  org.example.TextQuest - Starting the TextQuest game.
2024-12-15 18:47:53.512 [main] INFO  org.example.ScenarioManager - User chose option: 2
2024-12-15 18:47:55.520 [main] INFO  org.example.ScenarioManager - User chose option: 1
2024-12-15 18:47:58.549 [main] INFO  org.example.ScenarioManager - User chose option: 1
2024-12-15 18:47:58.550 [main] INFO  org.example.TextQuest - TextQuest game ended.
2024-12-15 18:51:15.304 [main] INFO  org.example.TextQuest - Starting the TextQuest game.
2024-12-15 19:10:41.908 [main] INFO  org.example.TextQuest - Starting the TextQuest game.
2024-12-15 19:10:46.591 [main] INFO  org.example.ScenarioManager - User chose option: 1
2024-12-15 19:11:46.980 [main] INFO  org.example.TextQuest - Starting the TextQuest game.
2024-12-15 19:12:02.789 [main] INFO  org.example.ScenarioManager - User chose option: 2
2024-12-15 19:12:04.803 [main] INFO  org.example.ScenarioManager - User chose option: 2
2024-12-15 19:12:05.814 [main] INFO  org.example.ScenarioManager - User chose option: 1
2024-12-15 19:12:08.840 [main] INFO  org.example.ScenarioManager - User chose option: 3
2024-12-15 19:12:09.852 [main] INFO  org.example.ScenarioManager - User chose option: 2
2024-12-15 19:12:12.886 [main] INFO  org.example.ScenarioManager - User chose option: 2
2024-12-15 19:12:14.900 [main] INFO  org.example.ScenarioManager - User chose option: 1
2024-12-15 19:12:16.922 [main] INFO  org.example.ScenarioManager - User chose option: 2
2024-12-15 19:12:20.960 [main] INFO  org.example.ScenarioManager - User chose option: 2
2024-12-15 19:12:26.016 [main] INFO  org.example.ScenarioManager - User chose option: 1
2024-12-15 19:12:29.054 [main] INFO  org.example.ScenarioManager - User chose option: 1
2024-12-15 19:12:32.090 [main] INFO  org.example.ScenarioManager - User chose option: 1
2024-12-15 19:12:34.112 [main] INFO  org.example.ScenarioManager - User chose option: 2
2024-12-15 19:12:49.235 [main] INFO  org.example.ScenarioManager - User chose option: 2
2024-12-15 19:12:58.328 [main] INFO  org.example.ScenarioManager - User chose option: 1
2024-12-15 19:12:58.330 [main] ERROR org.example.ScenarioManager - Error reading scenario file: C:\Users\Михаил\IdeaProjects\grcur\src\scenarios\null (Не удается найти указанный файл)
java.io.FileNotFoundException: C:\Users\Михаил\IdeaProjects\grcur\src\scenarios\null (Не удается найти указанный файл)
	at java.base/java.io.FileInputStream.open0(Native Method) ~[?:?]
	at java.base/java.io.FileInputStream.open(FileInputStream.java:213) ~[?:?]
	at java.base/java.io.FileInputStream.<init>(FileInputStream.java:152) ~[?:?]
	at java.base/java.io.FileInputStream.<init>(FileInputStream.java:106) ~[?:?]
	at java.base/java.io.FileReader.<init>(FileReader.java:60) ~[?:?]
	at org.example.ScenarioManager.playScenario(ScenarioManager.java:18) [main/:?]
	at org.example.TextQuest.main(TextQuest.java:22) [main/:?]
2024-12-15 19:12:58.342 [main] INFO  org.example.TextQuest - TextQuest game ended.
2024-12-15 19:26:31.691 [main] INFO  org.example.TextQuest - Starting the TextQuest game.
2024-12-15 19:26:37.388 [main] INFO  org.example.ScenarioManager - User chose option: 1
2024-12-15 19:26:46.449 [main] INFO  org.example.ScenarioManager - User chose option: 1
2024-12-15 19:26:48.468 [main] INFO  org.example.ScenarioManager - User chose option: 1
2024-12-15 19:26:48.469 [main] ERROR org.example.ScenarioManager - Error reading scenario file: C:\Users\Михаил\IdeaProjects\grcur\src\scenarios\null (Не удается найти указанный файл)
java.io.FileNotFoundException: C:\Users\Михаил\IdeaProjects\grcur\src\scenarios\null (Не удается найти указанный файл)
	at java.base/java.io.FileInputStream.open0(Native Method) ~[?:?]
	at java.base/java.io.FileInputStream.open(FileInputStream.java:213) ~[?:?]
	at java.base/java.io.FileInputStream.<init>(FileInputStream.java:152) ~[?:?]
	at java.base/java.io.FileInputStream.<init>(FileInputStream.java:106) ~[?:?]
	at java.base/java.io.FileReader.<init>(FileReader.java:60) ~[?:?]
	at org.example.ScenarioManager.playScenario(ScenarioManager.java:18) [main/:?]
	at org.example.TextQuest.main(TextQuest.java:22) [main/:?]
2024-12-15 19:26:48.481 [main] INFO  org.example.TextQuest - TextQuest game ended.
2024-12-15 19:30:54.465 [main] INFO  org.example.TextQuest - Starting the TextQuest game.
2024-12-15 19:33:25.535 [main] INFO  org.example.TextQuest - Starting the TextQuest game.
2024-12-15 19:33:33.217 [main] INFO  org.example.ScenarioManager - User chose option: 2
2024-12-15 19:33:36.248 [main] INFO  org.example.ScenarioManager - User chose option: 2
2024-12-15 19:33:40.300 [main] INFO  org.example.ScenarioManager - User chose option: 1
2024-12-15 19:33:49.400 [main] INFO  org.example.ScenarioManager - User chose option: 1
2024-12-15 19:33:54.457 [main] INFO  org.example.ScenarioManager - User chose option: 1
2024-12-15 19:33:54.458 [main] ERROR org.example.ScenarioManager - Error reading scenario file: C:\Users\Михаил\IdeaProjects\grcur\src\scenarios\null (Не удается найти указанный файл)
java.io.FileNotFoundException: C:\Users\Михаил\IdeaProjects\grcur\src\scenarios\null (Не удается найти указанный файл)
	at java.base/java.io.FileInputStream.open0(Native Method) ~[?:?]
	at java.base/java.io.FileInputStream.open(FileInputStream.java:213) ~[?:?]
	at java.base/java.io.FileInputStream.<init>(FileInputStream.java:152) ~[?:?]
	at java.base/java.io.FileInputStream.<init>(FileInputStream.java:106) ~[?:?]
	at java.base/java.io.FileReader.<init>(FileReader.java:60) ~[?:?]
	at org.example.ScenarioManager.playScenario(ScenarioManager.java:18) [main/:?]
	at org.example.TextQuest.main(TextQuest.java:22) [main/:?]
2024-12-15 19:33:54.467 [main] INFO  org.example.TextQuest - TextQuest game ended.
2024-12-15 21:05:57.516 [main] INFO  org.example.TextQuest - Starting the TextQuest game.
2024-12-15 21:06:01.709 [main] INFO  org.example.ScenarioManager - User chose option: 1
2024-12-15 21:06:05.725 [main] INFO  org.example.ScenarioManager - User chose option: 3
2024-12-15 21:06:07.748 [main] INFO  org.example.ScenarioManager - User chose option: 1
2024-12-15 21:06:09.769 [main] INFO  org.example.ScenarioManager - User chose option: 1
2024-12-15 21:06:11.786 [main] INFO  org.example.ScenarioManager - User chose option: 1
2024-12-15 21:06:17.843 [main] INFO  org.example.ScenarioManager - User chose option: 1
2024-12-15 21:06:20.882 [main] INFO  org.example.ScenarioManager - User chose option: 1
2024-12-15 21:06:32.989 [main] INFO  org.example.ScenarioManager - User chose option: 1
2024-12-15 21:06:32.989 [main] ERROR org.example.ScenarioManager - Error reading scenario file: C:\Users\Михаил\IdeaProjects\grcur\src\scenarios\null (Не удается найти указанный файл)
java.io.FileNotFoundException: C:\Users\Михаил\IdeaProjects\grcur\src\scenarios\null (Не удается найти указанный файл)
	at java.base/java.io.FileInputStream.open0(Native Method) ~[?:?]
	at java.base/java.io.FileInputStream.open(FileInputStream.java:213) ~[?:?]
	at java.base/java.io.FileInputStream.<init>(FileInputStream.java:152) ~[?:?]
	at java.base/java.io.FileInputStream.<init>(FileInputStream.java:106) ~[?:?]
	at java.base/java.io.FileReader.<init>(FileReader.java:60) ~[?:?]
	at org.example.ScenarioManager.playScenario(ScenarioManager.java:18) [main/:?]
	at org.example.TextQuest.main(TextQuest.java:22) [main/:?]
2024-12-15 21:06:32.998 [main] INFO  org.example.TextQuest - TextQuest game ended.
2024-12-16 15:18:06.924 [main] INFO  org.example.TextQuest - Starting the TextQuest game.
2024-12-16 15:18:16.174 [main] INFO  org.example.ScenarioManager - User chose option: 1
2024-12-16 15:18:19.120 [main] INFO  org.example.ScenarioManager - User chose option: 3
2024-12-16 15:18:23.146 [main] INFO  org.example.ScenarioManager - User chose option: 1
2024-12-16 15:18:25.153 [main] INFO  org.example.ScenarioManager - User chose option: 1
2024-12-16 15:18:28.188 [main] INFO  org.example.ScenarioManager - User chose option: 1
2024-12-16 15:18:31.199 [main] INFO  org.example.ScenarioManager - User chose option: 2
2024-12-16 15:18:44.315 [main] INFO  org.example.ScenarioManager - User chose option: 1
2024-12-16 15:18:44.315 [main] ERROR org.example.ScenarioManager - Error reading scenario file: C:\Users\Михаил\IdeaProjects\grcur\src\scenarios\null (Не удается найти указанный файл)
java.io.FileNotFoundException: C:\Users\Михаил\IdeaProjects\grcur\src\scenarios\null (Не удается найти указанный файл)
	at java.base/java.io.FileInputStream.open0(Native Method) ~[?:?]
	at java.base/java.io.FileInputStream.open(FileInputStream.java:213) ~[?:?]
	at java.base/java.io.FileInputStream.<init>(FileInputStream.java:152) ~[?:?]
	at java.base/java.io.FileInputStream.<init>(FileInputStream.java:106) ~[?:?]
	at java.base/java.io.FileReader.<init>(FileReader.java:60) ~[?:?]
	at org.example.ScenarioManager.playScenario(ScenarioManager.java:18) [main/:?]
	at org.example.TextQuest.main(TextQuest.java:22) [main/:?]
2024-12-16 15:18:44.377 [main] INFO  org.example.TextQuest - TextQuest game ended.
2024-12-16 21:50:33.000 [main] INFO  org.example.TextQuest - Starting the TextQuest game.
2024-12-16 21:50:33.009 [main] ERROR org.example.ScenarioManager - Error reading scenario file: C:\Users\Михаил\IdeaProjects\grcurstart.txt (Не удается найти указанный файл)
java.io.FileNotFoundException: C:\Users\Михаил\IdeaProjects\grcurstart.txt (Не удается найти указанный файл)
	at java.base/java.io.FileInputStream.open0(Native Method) ~[?:?]
	at java.base/java.io.FileInputStream.open(FileInputStream.java:213) ~[?:?]
	at java.base/java.io.FileInputStream.<init>(FileInputStream.java:152) ~[?:?]
	at java.base/java.io.FileInputStream.<init>(FileInputStream.java:106) ~[?:?]
	at java.base/java.io.FileReader.<init>(FileReader.java:60) ~[?:?]
	at org.example.ScenarioManager.playScenario(ScenarioManager.java:18) [main/:?]
	at org.example.TextQuest.main(TextQuest.java:22) [main/:?]
2024-12-16 21:50:33.017 [main] INFO  org.example.TextQuest - TextQuest game ended.
2024-12-16 21:53:17.904 [main] INFO  org.example.TextQuest - Starting the TextQuest game.
2024-12-16 21:53:17.913 [main] ERROR org.example.ScenarioManager - Error reading scenario file: nullstart.txt (Не удается найти указанный файл)
java.io.FileNotFoundException: nullstart.txt (Не удается найти указанный файл)
	at java.base/java.io.FileInputStream.open0(Native Method) ~[?:?]
	at java.base/java.io.FileInputStream.open(FileInputStream.java:213) ~[?:?]
	at java.base/java.io.FileInputStream.<init>(FileInputStream.java:152) ~[?:?]
	at java.base/java.io.FileInputStream.<init>(FileInputStream.java:106) ~[?:?]
	at java.base/java.io.FileReader.<init>(FileReader.java:60) ~[?:?]
	at org.example.ScenarioManager.playScenario(ScenarioManager.java:18) [main/:?]
	at org.example.TextQuest.main(TextQuest.java:22) [main/:?]
2024-12-16 21:53:17.921 [main] INFO  org.example.TextQuest - TextQuest game ended.
2024-12-16 21:54:15.921 [main] INFO  org.example.TextQuest - Starting the TextQuest game.
2024-12-16 21:54:15.934 [main] ERROR org.example.ScenarioManager - Error reading scenario file: C:\Users\Михаил\IdeaProjects\grcurstart.txt (Не удается найти указанный файл)
java.io.FileNotFoundException: C:\Users\Михаил\IdeaProjects\grcurstart.txt (Не удается найти указанный файл)
	at java.base/java.io.FileInputStream.open0(Native Method) ~[?:?]
	at java.base/java.io.FileInputStream.open(FileInputStream.java:213) ~[?:?]
	at java.base/java.io.FileInputStream.<init>(FileInputStream.java:152) ~[?:?]
	at java.base/java.io.FileInputStream.<init>(FileInputStream.java:106) ~[?:?]
	at java.base/java.io.FileReader.<init>(FileReader.java:60) ~[?:?]
	at org.example.ScenarioManager.playScenario(ScenarioManager.java:18) [main/:?]
	at org.example.TextQuest.main(TextQuest.java:22) [main/:?]
2024-12-16 21:54:15.942 [main] INFO  org.example.TextQuest - TextQuest game ended.
2024-12-16 21:54:27.256 [main] INFO  org.example.TextQuest - Starting the TextQuest game.
2024-12-16 21:54:27.270 [main] ERROR org.example.ScenarioManager - Error reading scenario file: nullstart.txt (Не удается найти указанный файл)
java.io.FileNotFoundException: nullstart.txt (Не удается найти указанный файл)
	at java.base/java.io.FileInputStream.open0(Native Method) ~[?:?]
	at java.base/java.io.FileInputStream.open(FileInputStream.java:213) ~[?:?]
	at java.base/java.io.FileInputStream.<init>(FileInputStream.java:152) ~[?:?]
	at java.base/java.io.FileInputStream.<init>(FileInputStream.java:106) ~[?:?]
	at java.base/java.io.FileReader.<init>(FileReader.java:60) ~[?:?]
	at org.example.ScenarioManager.playScenario(ScenarioManager.java:18) [main/:?]
	at org.example.TextQuest.main(TextQuest.java:22) [main/:?]
2024-12-16 21:54:27.277 [main] INFO  org.example.TextQuest - TextQuest game ended.
2024-12-16 22:25:27.578 [main] INFO  org.example.TextQuest - Starting the TextQuest game.
2024-12-16 22:25:27.589 [main] ERROR org.example.ScenarioManager - Error reading scenario file: nullstart.txt (Не удается найти указанный файл)
java.io.FileNotFoundException: nullstart.txt (Не удается найти указанный файл)
	at java.base/java.io.FileInputStream.open0(Native Method) ~[?:?]
	at java.base/java.io.FileInputStream.open(FileInputStream.java:213) ~[?:?]
	at java.base/java.io.FileInputStream.<init>(FileInputStream.java:152) ~[?:?]
	at java.base/java.io.FileInputStream.<init>(FileInputStream.java:106) ~[?:?]
	at java.base/java.io.FileReader.<init>(FileReader.java:60) ~[?:?]
	at org.example.ScenarioManager.playScenario(ScenarioManager.java:18) [main/:?]
	at org.example.TextQuest.main(TextQuest.java:22) [main/:?]
2024-12-16 22:25:27.599 [main] INFO  org.example.TextQuest - TextQuest game ended.
2024-12-16 22:28:38.751 [main] INFO  org.example.TextQuest - Starting the TextQuest game.
2024-12-16 22:28:38.762 [main] ERROR org.example.ScenarioManager - Error reading scenario file: nullstart.txt (Не удается найти указанный файл)
java.io.FileNotFoundException: nullstart.txt (Не удается найти указанный файл)
	at java.base/java.io.FileInputStream.open0(Native Method) ~[?:?]
	at java.base/java.io.FileInputStream.open(FileInputStream.java:213) ~[?:?]
	at java.base/java.io.FileInputStream.<init>(FileInputStream.java:152) ~[?:?]
	at java.base/java.io.FileInputStream.<init>(FileInputStream.java:106) ~[?:?]
	at java.base/java.io.FileReader.<init>(FileReader.java:60) ~[?:?]
	at org.example.ScenarioManager.playScenario(ScenarioManager.java:18) [main/:?]
	at org.example.TextQuest.main(TextQuest.java:22) [main/:?]
2024-12-16 22:28:38.774 [main] INFO  org.example.TextQuest - TextQuest game ended.
2024-12-16 22:50:53.183 [main] INFO  org.example.TextQuest - Starting the TextQuest game.
2024-12-16 22:50:53.192 [main] ERROR org.example.ScenarioManager - Error reading scenario file: nullstart.txt (Не удается найти указанный файл)
java.io.FileNotFoundException: nullstart.txt (Не удается найти указанный файл)
	at java.base/java.io.FileInputStream.open0(Native Method) ~[?:?]
	at java.base/java.io.FileInputStream.open(FileInputStream.java:213) ~[?:?]
	at java.base/java.io.FileInputStream.<init>(FileInputStream.java:152) ~[?:?]
	at java.base/java.io.FileInputStream.<init>(FileInputStream.java:106) ~[?:?]
	at java.base/java.io.FileReader.<init>(FileReader.java:60) ~[?:?]
	at org.example.ScenarioManager.playScenario(ScenarioManager.java:18) [main/:?]
	at org.example.TextQuest.main(TextQuest.java:22) [main/:?]
2024-12-16 22:50:53.201 [main] INFO  org.example.TextQuest - TextQuest game ended.
2024-12-16 22:51:18.077 [main] INFO  org.example.TextQuest - Starting the TextQuest game.
2024-12-16 22:51:18.087 [main] ERROR org.example.ScenarioManager - Error reading scenario file: nullstart.txt (Не удается найти указанный файл)
java.io.FileNotFoundException: nullstart.txt (Не удается найти указанный файл)
	at java.base/java.io.FileInputStream.open0(Native Method) ~[?:?]
	at java.base/java.io.FileInputStream.open(FileInputStream.java:213) ~[?:?]
	at java.base/java.io.FileInputStream.<init>(FileInputStream.java:152) ~[?:?]
	at java.base/java.io.FileInputStream.<init>(FileInputStream.java:106) ~[?:?]
	at java.base/java.io.FileReader.<init>(FileReader.java:60) ~[?:?]
	at org.example.ScenarioManager.playScenario(ScenarioManager.java:18) [main/:?]
	at org.example.TextQuest.main(TextQuest.java:22) [main/:?]
2024-12-16 22:51:18.093 [main] INFO  org.example.TextQuest - TextQuest game ended.
2024-12-16 22:51:53.009 [main] INFO  org.example.TextQuest - Starting the TextQuest game.
2024-12-16 22:52:21.375 [main] INFO  org.example.TextQuest - Starting the TextQuest game.
2024-12-16 22:52:21.384 [main] ERROR org.example.ScenarioManager - Error reading scenario file: nullstart.txt (Не удается найти указанный файл)
java.io.FileNotFoundException: nullstart.txt (Не удается найти указанный файл)
	at java.base/java.io.FileInputStream.open0(Native Method) ~[?:?]
	at java.base/java.io.FileInputStream.open(FileInputStream.java:213) ~[?:?]
	at java.base/java.io.FileInputStream.<init>(FileInputStream.java:152) ~[?:?]
	at java.base/java.io.FileInputStream.<init>(FileInputStream.java:106) ~[?:?]
	at java.base/java.io.FileReader.<init>(FileReader.java:60) ~[?:?]
	at org.example.ScenarioManager.playScenario(ScenarioManager.java:18) [main/:?]
	at org.example.TextQuest.main(TextQuest.java:22) [main/:?]
2024-12-16 22:52:21.393 [main] INFO  org.example.TextQuest - TextQuest game ended.
2024-12-16 22:52:44.456 [main] INFO  org.example.TextQuest - Starting the TextQuest game.
2024-12-16 22:52:44.465 [main] ERROR org.example.ScenarioManager - Error reading scenario file: nullstart.txt (Не удается найти указанный файл)
java.io.FileNotFoundException: nullstart.txt (Не удается найти указанный файл)
	at java.base/java.io.FileInputStream.open0(Native Method) ~[?:?]
	at java.base/java.io.FileInputStream.open(FileInputStream.java:213) ~[?:?]
	at java.base/java.io.FileInputStream.<init>(FileInputStream.java:152) ~[?:?]
	at java.base/java.io.FileInputStream.<init>(FileInputStream.java:106) ~[?:?]
	at java.base/java.io.FileReader.<init>(FileReader.java:60) ~[?:?]
	at org.example.ScenarioManager.playScenario(ScenarioManager.java:18) [main/:?]
	at org.example.TextQuest.main(TextQuest.java:22) [main/:?]
2024-12-16 22:52:44.473 [main] INFO  org.example.TextQuest - TextQuest game ended.
2024-12-16 22:53:07.116 [main] INFO  org.example.TextQuest - Starting the TextQuest game.
2024-12-16 22:53:07.128 [main] ERROR org.example.ScenarioManager - Error reading scenario file: nullstart.txt (Не удается найти указанный файл)
java.io.FileNotFoundException: nullstart.txt (Не удается найти указанный файл)
	at java.base/java.io.FileInputStream.open0(Native Method) ~[?:?]
	at java.base/java.io.FileInputStream.open(FileInputStream.java:213) ~[?:?]
	at java.base/java.io.FileInputStream.<init>(FileInputStream.java:152) ~[?:?]
	at java.base/java.io.FileInputStream.<init>(FileInputStream.java:106) ~[?:?]
	at java.base/java.io.FileReader.<init>(FileReader.java:60) ~[?:?]
	at org.example.ScenarioManager.playScenario(ScenarioManager.java:18) [main/:?]
	at org.example.TextQuest.main(TextQuest.java:22) [main/:?]
2024-12-16 22:53:07.136 [main] INFO  org.example.TextQuest - TextQuest game ended.
2024-12-16 22:54:02.666 [main] INFO  org.example.TextQuest - Starting the TextQuest game.
2024-12-16 22:54:07.396 [main] INFO  org.example.ScenarioManager - User chose option: 2
2024-12-16 22:54:10.414 [main] INFO  org.example.ScenarioManager - User chose option: 1
2024-12-16 22:54:12.437 [main] INFO  org.example.ScenarioManager - User chose option: 1
2024-12-16 22:54:12.438 [main] ERROR org.example.ScenarioManager - Error reading scenario file: C:\Users\Михаил\IdeaProjects\grcur\src\scenarios\null (Не удается найти указанный файл)
java.io.FileNotFoundException: C:\Users\Михаил\IdeaProjects\grcur\src\scenarios\null (Не удается найти указанный файл)
	at java.base/java.io.FileInputStream.open0(Native Method) ~[?:?]
	at java.base/java.io.FileInputStream.open(FileInputStream.java:213) ~[?:?]
	at java.base/java.io.FileInputStream.<init>(FileInputStream.java:152) ~[?:?]
	at java.base/java.io.FileInputStream.<init>(FileInputStream.java:106) ~[?:?]
	at java.base/java.io.FileReader.<init>(FileReader.java:60) ~[?:?]
	at org.example.ScenarioManager.playScenario(ScenarioManager.java:18) [main/:?]
	at org.example.TextQuest.main(TextQuest.java:22) [main/:?]
2024-12-16 22:54:12.452 [main] INFO  org.example.TextQuest - TextQuest game ended.
2024-12-17 14:17:31.407 [main] INFO  org.example.TextQuest - Starting the TextQuest game.
2024-12-17 14:17:36.700 [main] INFO  org.example.ScenarioManager - User chose option: 1
2024-12-17 14:17:38.706 [main] INFO  org.example.ScenarioManager - User chose option: 3
2024-12-17 14:17:41.738 [main] INFO  org.example.ScenarioManager - User chose option: 1
2024-12-17 14:17:43.761 [main] INFO  org.example.ScenarioManager - User chose option: 1
2024-12-17 14:17:46.792 [main] INFO  org.example.ScenarioManager - User chose option: 2
2024-12-17 14:17:51.834 [main] INFO  org.example.ScenarioManager - User chose option: 1
2024-12-17 14:17:51.834 [main] ERROR org.example.ScenarioManager - Error reading scenario file: C:\Users\Михаил\IdeaProjects\grcur\src\scenarios\null (Не удается найти указанный файл)
java.io.FileNotFoundException: C:\Users\Михаил\IdeaProjects\grcur\src\scenarios\null (Не удается найти указанный файл)
	at java.base/java.io.FileInputStream.open0(Native Method) ~[?:?]
	at java.base/java.io.FileInputStream.open(FileInputStream.java:213) ~[?:?]
	at java.base/java.io.FileInputStream.<init>(FileInputStream.java:152) ~[?:?]
	at java.base/java.io.FileInputStream.<init>(FileInputStream.java:106) ~[?:?]
	at java.base/java.io.FileReader.<init>(FileReader.java:60) ~[?:?]
	at org.example.ScenarioManager.playScenario(ScenarioManager.java:18) [main/:?]
	at org.example.TextQuest.main(TextQuest.java:22) [main/:?]
2024-12-17 14:17:51.848 [main] INFO  org.example.TextQuest - TextQuest game ended.
2024-12-17 14:17:56.378 [main] INFO  org.example.TextQuest - Starting the TextQuest game.
2024-12-17 14:18:10.158 [main] INFO  org.example.ScenarioManager - User chose option: 2
2024-12-17 14:18:12.177 [main] INFO  org.example.ScenarioManager - User chose option: 1
2024-12-17 14:18:15.208 [main] INFO  org.example.ScenarioManager - User chose option: 2
2024-12-17 14:18:17.228 [main] INFO  org.example.ScenarioManager - User chose option: 1
2024-12-17 14:18:20.262 [main] INFO  org.example.ScenarioManager - User chose option: 3
2024-12-17 14:18:22.277 [main] INFO  org.example.ScenarioManager - User chose option: 1
2024-12-17 14:18:25.309 [main] INFO  org.example.ScenarioManager - User chose option: 1
2024-12-17 14:18:27.336 [main] INFO  org.example.ScenarioManager - User chose option: 1
2024-12-17 14:18:30.373 [main] INFO  org.example.ScenarioManager - User chose option: 1
2024-12-17 14:18:33.408 [main] INFO  org.example.ScenarioManager - User chose option: 1
2024-12-17 14:19:03.710 [main] INFO  org.example.ScenarioManager - User chose option: 1
2024-12-17 14:19:03.710 [main] ERROR org.example.ScenarioManager - Error reading scenario file: C:\Users\Михаил\IdeaProjects\grcur\src\scenarios\null (Не удается найти указанный файл)
java.io.FileNotFoundException: C:\Users\Михаил\IdeaProjects\grcur\src\scenarios\null (Не удается найти указанный файл)
	at java.base/java.io.FileInputStream.open0(Native Method) ~[?:?]
	at java.base/java.io.FileInputStream.open(FileInputStream.java:213) ~[?:?]
	at java.base/java.io.FileInputStream.<init>(FileInputStream.java:152) ~[?:?]
	at java.base/java.io.FileInputStream.<init>(FileInputStream.java:106) ~[?:?]
	at java.base/java.io.FileReader.<init>(FileReader.java:60) ~[?:?]
	at org.example.ScenarioManager.playScenario(ScenarioManager.java:18) [main/:?]
	at org.example.TextQuest.main(TextQuest.java:22) [main/:?]
2024-12-17 14:19:03.717 [main] INFO  org.example.TextQuest - TextQuest game ended.
2024-12-17 14:27:26.014 [main] INFO  org.example.TextQuest - Starting the TextQuest game.
2024-12-17 14:27:26.031 [main] ERROR org.example.ScenarioManager - Error reading scenario file: C:\Users\Михаил\IdeaProjects\grcur\src\scenarios\start.txt (Системе не удается найти указанный путь)
java.io.FileNotFoundException: C:\Users\Михаил\IdeaProjects\grcur\src\scenarios\start.txt (Системе не удается найти указанный путь)
	at java.base/java.io.FileInputStream.open0(Native Method) ~[?:?]
	at java.base/java.io.FileInputStream.open(FileInputStream.java:213) ~[?:?]
	at java.base/java.io.FileInputStream.<init>(FileInputStream.java:152) ~[?:?]
	at java.base/java.io.FileInputStream.<init>(FileInputStream.java:106) ~[?:?]
	at java.base/java.io.FileReader.<init>(FileReader.java:60) ~[?:?]
	at org.example.ScenarioManager.playScenario(ScenarioManager.java:18) [main/:?]
	at org.example.TextQuest.main(TextQuest.java:22) [main/:?]
2024-12-17 14:27:26.042 [main] INFO  org.example.TextQuest - TextQuest game ended.
2024-12-17 14:27:48.438 [main] INFO  org.example.TextQuest - Starting the TextQuest game.
2024-12-17 14:27:48.450 [main] ERROR org.example.ScenarioManager - Error reading scenario file: C:\Users\Михаил\IdeaProjects\grcur\src\scenarios\start.txt (Системе не удается найти указанный путь)
java.io.FileNotFoundException: C:\Users\Михаил\IdeaProjects\grcur\src\scenarios\start.txt (Системе не удается найти указанный путь)
	at java.base/java.io.FileInputStream.open0(Native Method) ~[?:?]
	at java.base/java.io.FileInputStream.open(FileInputStream.java:213) ~[?:?]
	at java.base/java.io.FileInputStream.<init>(FileInputStream.java:152) ~[?:?]
	at java.base/java.io.FileInputStream.<init>(FileInputStream.java:106) ~[?:?]
	at java.base/java.io.FileReader.<init>(FileReader.java:60) ~[?:?]
	at org.example.ScenarioManager.playScenario(ScenarioManager.java:18) [main/:?]
	at org.example.TextQuest.main(TextQuest.java:22) [main/:?]
2024-12-17 14:27:48.459 [main] INFO  org.example.TextQuest - TextQuest game ended.
2024-12-17 14:28:01.643 [main] INFO  org.example.TextQuest - Starting the TextQuest game.
2024-12-17 14:35:23.069 [main] INFO  org.example.TextQuest - Starting the TextQuest game.
2024-12-17 14:36:02.697 [main] INFO  org.example.TextQuest - Starting the TextQuest game.
2024-12-17 14:36:08.369 [main] INFO  org.example.ScenarioManager - User chose option: 1
2024-12-17 14:38:04.156 [main] INFO  org.example.TextQuest - Starting the TextQuest game.
2024-12-17 14:38:08.830 [main] INFO  org.example.ScenarioManager - User chose option: 1
2024-12-17 14:38:12.867 [main] INFO  org.example.ScenarioManager - User chose option: 1
2024-12-17 14:38:14.888 [main] INFO  org.example.ScenarioManager - User chose option: 1
2024-12-17 14:39:33.013 [main] INFO  org.example.TextQuest - Starting the TextQuest game.
2024-12-17 14:39:44.759 [main] INFO  org.example.ScenarioManager - User chose option: 1
2024-12-17 14:39:47.776 [main] INFO  org.example.ScenarioManager - User chose option: 1
2024-12-17 14:39:50.800 [main] INFO  org.example.ScenarioManager - User chose option: 2
2024-12-17 14:39:52.819 [main] INFO  org.example.ScenarioManager - User chose option: 1
2024-12-17 14:39:53.830 [main] INFO  org.example.ScenarioManager - User chose option: 1
2024-12-17 14:39:55.851 [main] INFO  org.example.ScenarioManager - User chose option: 1
2024-12-17 14:45:49.180 [main] INFO  org.example.TextQuest - Starting the TextQuest game.
2024-12-17 14:45:53.861 [main] INFO  org.example.ScenarioManager - User chose option: 1
2024-12-17 14:45:55.872 [main] INFO  org.example.ScenarioManager - User chose option: 1
2024-12-17 14:45:57.894 [main] INFO  org.example.ScenarioManager - User chose option: 1
2024-12-17 14:45:57.895 [main] ERROR org.example.TextQuest - An error occurred during the game: null
java.lang.NullPointerException: null
	at java.base/java.io.Reader.<init>(Reader.java:168) ~[?:?]
	at java.base/java.io.InputStreamReader.<init>(InputStreamReader.java:88) ~[?:?]
	at org.example.ScenarioManager.playScenario(ScenarioManager.java:20) ~[main/:?]
	at org.example.TextQuest.main(TextQuest.java:21) [main/:?]
2024-12-17 14:45:57.902 [main] INFO  org.example.TextQuest - TextQuest game ended.
2024-12-17 14:46:47.597 [main] INFO  org.example.TextQuest - Starting the TextQuest game.
2024-12-17 14:46:51.278 [main] INFO  org.example.ScenarioManager - User chose option: 2
2024-12-17 14:46:52.286 [main] INFO  org.example.ScenarioManager - User chose option: 1
2024-12-17 14:46:53.296 [main] INFO  org.example.ScenarioManager - User chose option: 2
2024-12-17 14:46:55.317 [main] INFO  org.example.ScenarioManager - User chose option: 1
2024-12-17 14:46:56.323 [main] INFO  org.example.ScenarioManager - User chose option: 1
2024-12-17 14:46:57.323 [main] INFO  org.example.ScenarioManager - User chose option: 1
2024-12-17 14:46:57.324 [main] ERROR org.example.TextQuest - An error occurred during the game: null
java.lang.NullPointerException: null
	at java.base/java.io.Reader.<init>(Reader.java:168) ~[?:?]
	at java.base/java.io.InputStreamReader.<init>(InputStreamReader.java:88) ~[?:?]
	at org.example.ScenarioManager.playScenario(ScenarioManager.java:20) ~[main/:?]
	at org.example.TextQuest.main(TextQuest.java:21) [main/:?]
2024-12-17 14:46:57.331 [main] INFO  org.example.TextQuest - TextQuest game ended.
2024-12-17 14:53:55.690 [main] INFO  org.example.TextQuest - Starting the TextQuest game.
2024-12-17 14:54:00.394 [main] INFO  org.example.ScenarioManager - User chose option: 1
2024-12-17 14:54:02.404 [main] INFO  org.example.ScenarioManager - User chose option: 1
2024-12-17 14:54:03.415 [main] INFO  org.example.ScenarioManager - User chose option: 1
2024-12-17 14:54:03.416 [main] ERROR org.example.TextQuest - An error occurred during the game: {}
2024-12-17 14:54:03.416 [main] INFO  org.example.TextQuest - TextQuest game ended.
2024-12-17 14:57:11.571 [main] INFO  org.example.TextQuest - Starting the TextQuest game.
2024-12-17 14:57:16.272 [main] INFO  org.example.ScenarioManager - User chose option: 1
2024-12-17 14:57:18.286 [main] INFO  org.example.ScenarioManager - User chose option: 1
2024-12-17 14:57:19.295 [main] INFO  org.example.ScenarioManager - User chose option: 1
2024-12-17 14:57:19.296 [main] ERROR org.example.TextQuest - An error occurred during the game: null
2024-12-17 14:57:19.297 [main] INFO  org.example.TextQuest - TextQuest game ended.
2024-12-17 14:57:46.357 [main] INFO  org.example.TextQuest - Starting the TextQuest game.
2024-12-17 14:57:51.047 [main] INFO  org.example.ScenarioManager - User chose option: 1
2024-12-17 14:57:52.043 [main] INFO  org.example.ScenarioManager - User chose option: 1
2024-12-17 14:57:53.053 [main] INFO  org.example.ScenarioManager - User chose option: 1
2024-12-17 14:57:53.053 [main] INFO  org.example.TextQuest - TextQuest game ended.
2024-12-17 14:58:03.109 [main] INFO  org.example.TextQuest - Starting the TextQuest game.
2024-12-17 14:58:13.887 [main] INFO  org.example.ScenarioManager - User chose option: 2
2024-12-17 14:58:15.897 [main] INFO  org.example.ScenarioManager - User chose option: 1
2024-12-17 14:58:17.920 [main] INFO  org.example.ScenarioManager - User chose option: 1
2024-12-17 14:58:17.922 [main] ERROR org.example.TextQuest - An error occurred during the game: null
2024-12-17 14:58:17.922 [main] INFO  org.example.TextQuest - TextQuest game ended.
2024-12-17 17:07:49.287 [main] INFO  org.example.TextQuest - Starting the TextQuest game.
2024-12-17 17:08:07.001 [main] INFO  org.example.ScenarioManager - User chose option: 1
2024-12-17 17:08:10.017 [main] INFO  org.example.ScenarioManager - User chose option: 1
2024-12-17 17:08:13.052 [main] INFO  org.example.ScenarioManager - User chose option: 2
2024-12-17 17:08:15.073 [main] INFO  org.example.ScenarioManager - User chose option: 1
2024-12-17 17:08:16.082 [main] INFO  org.example.ScenarioManager - User chose option: 1
2024-12-17 17:08:18.096 [main] INFO  org.example.ScenarioManager - User chose option: 1
2024-12-17 17:08:18.102 [main] ERROR org.example.TextQuest - An error occurred during the game: null
2024-12-17 17:08:18.102 [main] INFO  org.example.TextQuest - TextQuest game ended.
2024-12-17 17:14:20.012 [main] INFO  org.example.TextQuest - Starting the TextQuest game.
2024-12-17 17:14:25.698 [main] INFO  org.example.ScenarioManager - User chose option: 1
2024-12-17 17:14:31.756 [main] INFO  org.example.ScenarioManager - User chose option: 2
2024-12-17 17:14:33.778 [main] INFO  org.example.ScenarioManager - User chose option: 1
2024-12-17 17:14:39.850 [main] INFO  org.example.ScenarioManager - User chose option: 1
2024-12-17 17:14:41.870 [main] INFO  org.example.ScenarioManager - User chose option: 2
2024-12-17 17:14:42.878 [main] INFO  org.example.ScenarioManager - User chose option: 1
2024-12-17 17:14:43.890 [main] INFO  org.example.ScenarioManager - User chose option: 1
2024-12-17 17:14:44.900 [main] INFO  org.example.ScenarioManager - User chose option: 1
2024-12-17 17:14:44.902 [main] ERROR org.example.TextQuest - An error occurred during the game: null
2024-12-17 17:14:44.903 [main] INFO  org.example.TextQuest - TextQuest game ended.
2024-12-17 17:21:51.510 [main] INFO  org.example.TextQuest - Starting the TextQuest game.
2024-12-17 17:21:56.199 [main] INFO  org.example.ScenarioManager - User chose option: 1
2024-12-17 17:21:59.224 [main] INFO  org.example.ScenarioManager - User chose option: 1
2024-12-17 17:22:01.245 [main] INFO  org.example.ScenarioManager - User chose option: 1
2024-12-17 17:22:01.245 [main] ERROR org.example.TextQuest - An error occurred during the game: null
2024-12-17 17:22:01.245 [main] INFO  org.example.TextQuest - TextQuest game ended.
2024-12-17 17:23:09.518 [main] INFO  org.example.TextQuest - Starting the TextQuest game.
2024-12-17 17:23:17.222 [main] INFO  org.example.ScenarioManager - User chose option: 2
2024-12-17 17:23:20.249 [main] INFO  org.example.ScenarioManager - User chose option: 1
2024-12-17 17:23:23.281 [main] INFO  org.example.ScenarioManager - User chose option: 2
2024-12-17 17:23:25.301 [main] INFO  org.example.ScenarioManager - User chose option: 1
2024-12-17 17:23:26.304 [main] INFO  org.example.ScenarioManager - User chose option: 1
2024-12-17 17:23:27.311 [main] INFO  org.example.ScenarioManager - User chose option: 1
2024-12-17 17:23:27.312 [main] ERROR org.example.TextQuest - An error occurred during the game: null
2024-12-17 17:23:27.312 [main] INFO  org.example.TextQuest - TextQuest game ended.
2024-12-17 17:41:57.814 [main] INFO  org.example.TextQuest - Starting the TextQuest game.
2024-12-17 17:42:01.435 [main] INFO  org.example.ScenarioManager - User chose option: 1
2024-12-17 17:42:03.437 [main] INFO  org.example.ScenarioManager - User chose option: 3
2024-12-17 17:42:05.464 [main] INFO  org.example.ScenarioManager - User chose option: 1
2024-12-17 17:42:07.477 [main] INFO  org.example.ScenarioManager - User chose option: 2
2024-12-17 17:42:12.535 [main] INFO  org.example.ScenarioManager - User chose option: 1
2024-12-17 17:42:12.537 [main] ERROR org.example.TextQuest - An error occurred during the game: null
2024-12-17 17:42:12.538 [main] INFO  org.example.TextQuest - TextQuest game ended.
2024-12-17 19:24:36.108 [main] INFO  org.example.TextQuest - Starting the TextQuest game.
2024-12-17 19:30:41.795 [main] INFO  org.example.ScenarioManager - User chose option: 1
2024-12-17 19:30:43.800 [main] INFO  org.example.ScenarioManager - User chose option: 1
2024-12-17 19:30:45.811 [main] INFO  org.example.ScenarioManager - User chose option: 1
2024-12-17 19:30:45.813 [main] ERROR org.example.TextQuest - An error occurred during the game: null
2024-12-17 19:30:45.813 [main] INFO  org.example.TextQuest - TextQuest game ended.
2024-12-17 19:41:28.216 [main] INFO  org.example.TextQuest - Starting the TextQuest game.
2024-12-17 19:41:31.880 [main] INFO  org.example.ScenarioManager - User chose option: 1
2024-12-17 19:41:46.017 [main] INFO  org.example.ScenarioManager - User chose option: 3
2024-12-17 19:41:49.047 [main] INFO  org.example.ScenarioManager - User chose option: 1
2024-12-17 19:41:51.068 [main] INFO  org.example.ScenarioManager - User chose option: 1
2024-12-17 19:41:53.091 [main] INFO  org.example.ScenarioManager - User chose option: 1
2024-12-17 19:41:55.110 [main] INFO  org.example.ScenarioManager - User chose option: 1
2024-12-17 19:41:57.137 [main] INFO  org.example.ScenarioManager - User chose option: 2
2024-12-17 19:42:15.322 [main] INFO  org.example.ScenarioManager - User chose option: 1
2024-12-17 19:42:22.396 [main] INFO  org.example.ScenarioManager - User chose option: 1
2024-12-17 19:42:22.397 [main] ERROR org.example.TextQuest - An error occurred during the game: null
2024-12-17 19:42:22.398 [main] INFO  org.example.TextQuest - TextQuest game ended.
2024-12-17 19:51:39.923 [main] INFO  org.example.TextQuest - Starting the TextQuest game.
2024-12-17 19:51:44.553 [main] INFO  org.example.ScenarioManager - User chose option: 1
2024-12-17 19:51:50.586 [main] INFO  org.example.ScenarioManager - User chose option: 1
2024-12-17 19:51:54.626 [main] INFO  org.example.ScenarioManager - User chose option: 2
2024-12-17 19:55:45.813 [main] INFO  org.example.ScenarioManager - User chose option: 1
2024-12-17 19:55:48.849 [main] INFO  org.example.ScenarioManager - User chose option: 3
2024-12-17 19:56:04.012 [main] INFO  org.example.ScenarioManager - User chose option: 2
2024-12-17 20:07:57.055 [main] INFO  org.example.TextQuest - Starting the TextQuest game.
2024-12-17 20:08:02.750 [main] INFO  org.example.ScenarioManager - User chose option: 1
2024-12-17 20:08:13.848 [main] INFO  org.example.ScenarioManager - User chose option: 3
2024-12-17 20:08:17.884 [main] INFO  org.example.ScenarioManager - User chose option: 1
2024-12-17 20:08:21.929 [main] INFO  org.example.ScenarioManager - User chose option: 2
2024-12-17 20:09:48.318 [main] ERROR org.example.TextQuest - An error occurred during the game: null
2024-12-17 20:09:48.318 [main] INFO  org.example.TextQuest - TextQuest game ended.
2024-12-17 20:09:50.233 [main] INFO  org.example.TextQuest - Starting the TextQuest game.
2024-12-17 20:09:54.903 [main] INFO  org.example.ScenarioManager - User chose option: 2
2024-12-17 20:09:57.925 [main] INFO  org.example.ScenarioManager - User chose option: 1
2024-12-17 20:16:48.068 [main] INFO  org.example.ScenarioManager - User chose option: 1
2024-12-17 20:16:48.069 [main] ERROR org.example.TextQuest - An error occurred during the game: null
2024-12-17 20:16:48.069 [main] INFO  org.example.TextQuest - TextQuest game ended.
2024-12-17 20:38:51.448 [main] INFO  org.example.TextQuest - Starting the TextQuest game.
2024-12-17 20:39:00.187 [main] INFO  org.example.ScenarioManager - User chose option: 1
2024-12-17 20:39:04.211 [main] INFO  org.example.ScenarioManager - User chose option: 3
2024-12-17 20:39:17.355 [main] INFO  org.example.ScenarioManager - User chose option: 3
2024-12-17 21:00:13.220 [main] ERROR org.example.TextQuest - An error occurred during the game: null
2024-12-17 21:00:13.220 [main] INFO  org.example.TextQuest - TextQuest game ended.
2024-12-17 21:00:15.693 [main] INFO  org.example.TextQuest - Starting the TextQuest game.
2024-12-17 21:00:19.372 [main] INFO  org.example.ScenarioManager - User chose option: 1
2024-12-17 21:00:21.391 [main] INFO  org.example.ScenarioManager - User chose option: 3
2024-12-17 21:00:23.412 [main] INFO  org.example.ScenarioManager - User chose option: 2
2024-12-17 21:00:28.469 [main] INFO  org.example.ScenarioManager - User chose option: 2
2024-12-17 21:01:14.782 [main] ERROR org.example.TextQuest - An error occurred during the game: null
2024-12-17 21:01:14.783 [main] INFO  org.example.TextQuest - TextQuest game ended.
2024-12-17 21:48:51.347 [main] INFO  org.example.TextQuest - Starting the TextQuest game.
2024-12-17 21:48:55.568 [main] INFO  org.example.ScenarioManager - User chose option: 1
2024-12-17 21:48:58.580 [main] INFO  org.example.ScenarioManager - User chose option: 1
2024-12-17 21:48:59.590 [main] INFO  org.example.ScenarioManager - User chose option: 1
2024-12-17 21:48:59.593 [main] ERROR org.example.TextQuest - An error occurred during the game: null
2024-12-17 21:48:59.593 [main] INFO  org.example.TextQuest - TextQuest game ended.
